************************************************************************
Not in type system
 - Q_DUMMY_TYPE
 - Qt::Initialization
************************************************************************

************************************************************************
Generation disabled by type system
 - QFont::ResolveProperties matches class "^QFont$" and "^ResolveProperties$"
************************************************************************

************************************************************************
Type redefined to not be a class
************************************************************************

************************************************************************
Unmatched argument type
************************************************************************

************************************************************************
Unmatched return type
************************************************************************

************************************************************************
Incompatible API
************************************************************************

************************************************************************
Deprecated
************************************************************************

