************************************************************************
Not in type system
************************************************************************

************************************************************************
Generation disabled by type system
 - MainWindow::staticMetaObject -> const QMetaObject matches class "^.*$" and "^staticMetaObject$"
 - QAction::staticMetaObject -> const QMetaObject matches class "^.*$" and "^staticMetaObject$"
 - QCalendar::staticMetaObject -> const QMetaObject matches class "^.*$" and "^staticMetaObject$"
 - QFile::staticMetaObject -> const QMetaObject matches class "^.*$" and "^staticMetaObject$"
 - QFileDevice::staticMetaObject -> const QMetaObject matches class "^.*$" and "^staticMetaObject$"
 - QFileInfo::d_ptr -> QSharedDataPointer<QFileInfoPrivate> matches class "^.*$" and "^d_ptr$"
 - QFont::staticMetaObject -> const QMetaObject matches class "^.*$" and "^staticMetaObject$"
 - QGradient::staticMetaObject -> const QMetaObject matches class "^.*$" and "^staticMetaObject$"
 - QIODevice::staticMetaObject -> const QMetaObject matches class "^.*$" and "^staticMetaObject$"
 - QImage::staticMetaObject -> const QMetaObject matches class "^.*$" and "^staticMetaObject$"
 - QKeySequence::staticMetaObject -> const QMetaObject matches class "^.*$" and "^staticMetaObject$"
 - QLocale::staticMetaObject -> const QMetaObject matches class "^.*$" and "^staticMetaObject$"
 - QMainWindow::staticMetaObject -> const QMetaObject matches class "^.*$" and "^staticMetaObject$"
 - QMetaObject::d -> struct Data matches class "^.*$" and "^d$"
 - QObject::d_ptr -> QScopedPointer<QObjectData> matches class "^.*$" and "^d_ptr$"
 - QObject::staticMetaObject -> const QMetaObject matches class "^.*$" and "^staticMetaObject$"
 - QPalette::staticMetaObject -> const QMetaObject matches class "^.*$" and "^staticMetaObject$"
 - QSizePolicy::staticMetaObject -> const QMetaObject matches class "^.*$" and "^staticMetaObject$"
 - QTabWidget::staticMetaObject -> const QMetaObject matches class "^.*$" and "^staticMetaObject$"
 - QWidget::staticMetaObject -> const QMetaObject matches class "^.*$" and "^staticMetaObject$"
 - Qt::staticMetaObject -> const QMetaObject matches class "^.*$" and "^staticMetaObject$"
************************************************************************

************************************************************************
Type redefined to not be a class
************************************************************************

************************************************************************
Unmatched argument type
************************************************************************

************************************************************************
Unmatched return type
************************************************************************

************************************************************************
Incompatible API
************************************************************************

************************************************************************
Deprecated
************************************************************************

