************************************************************************
Not in type system
 - MainWindow::QPrivateSignal
 - QAction::QPrivateSignal
 - QAdoptSharedDataTag
 - QArgument
 - QArrayData
 - QArrayDataOps
 - QArrayDataPointer
 - QAtomicAdditiveType
 - QAtomicInt
 - QAtomicInteger
 - QAtomicOps
 - QAtomicOpsSupport
 - QAtomicPointer
 - QAtomicTraits
 - QBaseIterator
 - QBasicAtomicInteger
 - QBasicAtomicPointer
 - QBasicUtf8StringView
 - QBindingStatus
 - QBindingStorage
 - QBrushData
 - QBrushDataPointerDeleter
 - QColor::CT
 - QConstIterator
 - QConstOverload
 - QContiguousCache
 - QContiguousCacheData
 - QContiguousCacheTypedData
 - QDateTime::Data
 - QDateTime::ShortData
 - QDebug
 - QDebugStateSaver
 - QEnableSharedFromThis
 - QExplicitlySharedDataPointer
 - QFile::QPrivateSignal
 - QFileDevice::QPrivateSignal
 - QFlag
 - QFlags
 - QGenericAtomicOps
 - QGlobalStatic
 - QGradient::QGradientData
 - QHash::const_iterator
 - QHash::iterator
 - QHash::key_iterator
 - QHashDummyValue
 - QHashIterator
 - QHashSeed
 - QIODevice::QPrivateSignal
 - QIncompatibleFlag
 - QIntegerForSize
 - QIntegerForSizeof
 - QInternal
 - QIterable
 - QIterator
 - QKeyValueIterator
 - QLatin1Char
 - QLatin1String
 - QList::DisableRValueRefs
 - QList::const_iterator
 - QList::iterator
 - QListIterator
 - QListSpecialMethods
 - QListSpecialMethodsBase
 - QMainWindow::QPrivateSignal
 - QMap::const_iterator
 - QMap::iterator
 - QMap::key_iterator
 - QMapData
 - QMapIterator
 - QMessageLogger
 - QMetaAssociation
 - QMetaContainer
 - QMetaObject::Data
 - QMetaObject::SuperData
 - QMetaSequence
 - QMetaTypeId
 - QMetaTypeId2
 - QMetaTypeIdQObject
 - QMethodRawArguments
 - QMultiHash::const_iterator
 - QMultiHash::iterator
 - QMultiHash::key_iterator
 - QMultiHashIterator
 - QMultiMap::const_iterator
 - QMultiMap::iterator
 - QMultiMap::key_iterator
 - QMultiMapIterator
 - QMutableHashIterator
 - QMutableListIterator
 - QMutableMapIterator
 - QMutableMultiHashIterator
 - QMutableMultiMapIterator
 - QMutableSetIterator
 - QNoDebug
 - QNonConstOverload
 - QObject::QPrivateSignal
 - QObjectData
 - QOverload
 - QPartialOrdering
 - QRegion::QRegionData
 - QReturnArgument
 - QScopeGuard
 - QScopedArrayPointer
 - QScopedPointer
 - QScopedPointerArrayDeleter
 - QScopedPointerDeleter
 - QScopedPointerObjectDeleteLater
 - QScopedPointerPodDeleter
 - QSet::const_iterator
 - QSet::iterator
 - QSetIterator
 - QSharedData
 - QSharedDataPointer
 - QSharedPointer
 - QSizePolicy::
 - QSizePolicy::Bits
 - QStringConverter::Interface
 - QStringConverterBase::State::
 - QStringMatcher
 - QStringTokenizer
 - QStringTokenizerBase
 - QStringTokenizerBaseBase
 - QTabWidget::QPrivateSignal
 - QTaggedIterator
 - QTaggedPointer
 - QTransform::Affine
 - QTypeInfo
 - QTypeInfoMerger
 - QTypedArrayData
 - QVLABase
 - QVLABaseBase
 - QVLAStorage
 - QVarLengthArray
 - QVariantConstPointer
 - QVariantPointer
 - QVariantRef
 - QWeakPointer
 - QWidget::QPrivateSignal
 - QWidgetData
 - Qt::Disambiguated_t
 - anonymous struct at /usr/include/stdlib.h:58
 - anonymous struct at /usr/include/stdlib.h:66
 - anonymous struct at /usr/include/stdlib.h:76
 - anonymous struct at /usr/include/x86_64-linux-gnu/bits/types.h:155
 - drand48_data
 - random_data
************************************************************************

************************************************************************
Generation disabled by type system
 - QAlgorithmsPrivate
 - QtGlobalStatic
 - QtMetaTypePrivate
 - QtPrivate
 - QtSharedPointer
************************************************************************

************************************************************************
Type redefined to not be a class
 - QAnyStringView
 - QByteArrayView
 - QChar
 - QString
 - QStringView
 - QVariant
************************************************************************

************************************************************************
Unmatched argument type
************************************************************************

************************************************************************
Unmatched return type
************************************************************************

************************************************************************
Incompatible API
************************************************************************

************************************************************************
Deprecated
************************************************************************

